<?xml version="1.0" encoding="UTF-8"?>
<testsuite xmlns:xsi="http://www.w3.org/2001/XMLSchema-instance" xsi:noNamespaceSchemaLocation="https://maven.apache.org/surefire/maven-surefire-plugin/xsd/surefire-test-report-3.0.xsd" version="3.0" name="com.example.BankAccountTest" time="0.116" tests="3" errors="0" skipped="0" failures="0">
  <properties>
    <property name="java.specification.version" value="17"/>
    <property name="sun.cpu.isalist" value="amd64"/>
    <property name="sun.jnu.encoding" value="Cp1252"/>
    <property name="java.class.path" value="C:\Users\jeeva\OneDrive\Desktop\JUnit_basictestingExercises\Ex4_setupandteardown\target\test-classes;C:\Users\jeeva\OneDrive\Desktop\JUnit_basictestingExercises\Ex4_setupandteardown\target\classes;C:\Users\jeeva\.m2\repository\junit\junit\4.13.2\junit-4.13.2.jar;C:\Users\jeeva\.m2\repository\org\hamcrest\hamcrest-core\1.3\hamcrest-core-1.3.jar;"/>
    <property name="java.vm.vendor" value="Eclipse Adoptium"/>
    <property name="sun.arch.data.model" value="64"/>
    <property name="user.variant" value=""/>
    <property name="java.vendor.url" value="https://adoptium.net/"/>
    <property name="user.timezone" value="Asia/Calcutta"/>
    <property name="os.name" value="Windows 11"/>
    <property name="java.vm.specification.version" value="17"/>
    <property name="sun.java.launcher" value="SUN_STANDARD"/>
    <property name="user.country" value="IN"/>
    <property name="sun.boot.library.path" value="C:\Program Files\Eclipse Adoptium\jdk-17.0.13.11-hotspot\bin"/>
    <property name="sun.java.command" value="C:\Users\jeeva\AppData\Local\Temp\surefire14060797006826374128\surefirebooter-20250628113440651_3.jar C:\Users\jeeva\AppData\Local\Temp\surefire14060797006826374128 2025-06-28T11-34-40_394-jvmRun1 surefire-20250628113440651_1tmp surefire_0-20250628113440651_2tmp"/>
    <property name="jdk.debug" value="release"/>
    <property name="surefire.test.class.path" value="C:\Users\jeeva\OneDrive\Desktop\JUnit_basictestingExercises\Ex4_setupandteardown\target\test-classes;C:\Users\jeeva\OneDrive\Desktop\JUnit_basictestingExercises\Ex4_setupandteardown\target\classes;C:\Users\jeeva\.m2\repository\junit\junit\4.13.2\junit-4.13.2.jar;C:\Users\jeeva\.m2\repository\org\hamcrest\hamcrest-core\1.3\hamcrest-core-1.3.jar;"/>
    <property name="sun.cpu.endian" value="little"/>
    <property name="user.home" value="C:\Users\jeeva"/>
    <property name="user.language" value="en"/>
    <property name="java.specification.vendor" value="Oracle Corporation"/>
    <property name="java.version.date" value="2024-10-15"/>
    <property name="java.home" value="C:\Program Files\Eclipse Adoptium\jdk-17.0.13.11-hotspot"/>
    <property name="file.separator" value="\"/>
    <property name="basedir" value="C:\Users\jeeva\OneDrive\Desktop\JUnit_basictestingExercises\Ex4_setupandteardown"/>
    <property name="java.vm.compressedOopsMode" value="Zero based"/>
    <property name="line.separator" value="&#10;"/>
    <property name="java.vm.specification.vendor" value="Oracle Corporation"/>
    <property name="java.specification.name" value="Java Platform API Specification"/>
    <property name="surefire.real.class.path" value="C:\Users\jeeva\AppData\Local\Temp\surefire14060797006826374128\surefirebooter-20250628113440651_3.jar"/>
    <property name="user.script" value=""/>
    <property name="sun.management.compiler" value="HotSpot 64-Bit Tiered Compilers"/>
    <property name="java.runtime.version" value="17.0.13+11"/>
    <property name="user.name" value="jeeva"/>
    <property name="path.separator" value=";"/>
    <property name="os.version" value="10.0"/>
    <property name="java.runtime.name" value="OpenJDK Runtime Environment"/>
    <property name="file.encoding" value="Cp1252"/>
    <property name="java.vm.name" value="OpenJDK 64-Bit Server VM"/>
    <property name="java.vendor.version" value="Temurin-17.0.13+11"/>
    <property name="localRepository" value="C:\Users\jeeva\.m2\repository"/>
    <property name="java.vendor.url.bug" value="https://github.com/adoptium/adoptium-support/issues"/>
    <property name="java.io.tmpdir" value="C:\Users\jeeva\AppData\Local\Temp\"/>
    <property name="java.version" value="17.0.13"/>
    <property name="user.dir" value="C:\Users\jeeva\OneDrive\Desktop\JUnit_basictestingExercises\Ex4_setupandteardown"/>
    <property name="os.arch" value="amd64"/>
    <property name="java.vm.specification.name" value="Java Virtual Machine Specification"/>
    <property name="sun.os.patch.level" value=""/>
    <property name="native.encoding" value="Cp1252"/>
    <property name="java.library.path" value="C:\Program Files\Eclipse Adoptium\jdk-17.0.13.11-hotspot\bin;C:\WINDOWS\Sun\Java\bin;C:\WINDOWS\system32;C:\WINDOWS;C:\Program Files\Common Files\Oracle\Java\javapath;C:\Program Files (x86)\Common Files\Oracle\Java\java8path;C:\Program Files (x86)\Common Files\Oracle\Java\javapath;C:\Program Files\Eclipse Adoptium\jdk-17.0.13.11-hotspot\bin;C:\WINDOWS\system32;C:\WINDOWS;C:\WINDOWS\System32\Wbem;C:\WINDOWS\System32\WindowsPowerShell\v1.0\;C:\WINDOWS\System32\OpenSSH\;C:\Program Files\dotnet\;C:\Program Files\Git\cmd;C:\Users\jeeva\AppData\Local\nvm;C:\nvm4w\nodejs;C:\Program Files\nodejs\;C:\Users\jeeva\AppData\Roaming\nltk_data;C:\Program Files\MySQL\MySQL Server 8.0\bin;C:\ProgramData\chocolatey\bin;C:\Program Files\CMake\bin;C:\Program Files\Java\jdk-17\bin;C:\Program Files\MongoDB\Server\8.0\bin;C:\Apache\Maven\apache-maven-3.9.10\bin;C:\Program Files\MySQL\MySQL Shell 8.0\bin\;C:\Users\jeeva\AppData\Local\Programs\Python\Python312\Scripts\;C:\Users\jeeva\AppData\Local\Programs\Python\Python312\;C:\Users\jeeva\AppData\Local\Programs\Python\Launcher\;C:\Users\jeeva\AppData\Local\Microsoft\WindowsApps;C:\Users\jeeva\AppData\Local\Programs\Microsoft VS Code\bin;C:\flutter\bin;C:\Users\jeeva\AppData\Local\nvm;C:\nvm4w\nodejs;C:\Users\jeeva\AppData\Roaming\npm;C:\Users\jeeva\AppData\Local\Programs\Ollama;;."/>
    <property name="java.vm.info" value="mixed mode, sharing"/>
    <property name="java.vendor" value="Eclipse Adoptium"/>
    <property name="java.vm.version" value="17.0.13+11"/>
    <property name="java.specification.maintenance.version" value="1"/>
    <property name="sun.io.unicode.encoding" value="UnicodeLittle"/>
    <property name="java.class.version" value="61.0"/>
  </properties>
  <testcase name="testWithdraw" classname="com.example.BankAccountTest" time="0.017">
    <system-out><![CDATA[Setup complete
Teardown complete
]]></system-out>
  </testcase>
  <testcase name="testDeposit" classname="com.example.BankAccountTest" time="0.002">
    <system-out><![CDATA[Setup complete
Teardown complete
]]></system-out>
  </testcase>
  <testcase name="testOverWithdraw" classname="com.example.BankAccountTest" time="0.002">
    <system-out><![CDATA[Setup complete
Teardown complete
]]></system-out>
  </testcase>
</testsuite>